<?xml version="1.0" encoding="UTF-8"?>
<!-- Generated by org.testng.reporters.JUnitReportReporter -->
<testsuite skipped="0" hostname="LAPTOP-JV79AHAV" name="DriverLesson1.LibraryTest" tests="1" failures="0" timestamp="01 Jun 2021 11:18:54 GMT" time="81.341" errors="0">
  <testcase name="launchDriver" time="81.341" classname="DriverLesson1.LibraryTest"/>
</testsuite> <!-- DriverLesson1.LibraryTest -->
